<?xml version="1.0" encoding="UTF-8"?>
<!-- Generated by org.testng.reporters.JUnitReportReporter -->
<testsuite hostname="MAM-PC" failures="0" tests="1" name="teseCases.TC001" time="2.876" errors="0" timestamp="2024-10-07T03:10:53 MST" skipped="0">
  <testcase classname="teseCases.TC001" name="test1" time="2.876"/>
</testsuite> <!-- teseCases.TC001 -->
